1632922316037	geckodriver	INFO	Listening on 127.0.0.1:56857
1632922319126	mozrunner::runner	INFO	Running command: "C:\\Program Files\\Mozilla Firefox\\firefox.exe" "--marionette" "-no-remote" "-profile" "C:\\Users\\JB\\AppData\\Local\\Temp\\rust_mozprofilepshf7E"
1632922319409	Marionette	INFO	Marionette enabled
console.warn: SearchSettings: "get: No settings file exists, new profile?" (new NotFoundError("Could not open the file at C:\\Users\\JB\\AppData\\Local\\Temp\\rust_mozprofilepshf7E\\search.json.mozlz4", (void 0)))
1632922321211	Marionette	INFO	Listening on port 64282
1632922321289	RemoteAgent	WARN	TLS certificate errors will be ignored for this session
JavaScript error: resource://services-settings/Attachments.jsm, line 391: TypeError: / is not a valid URL.
1632922323589	Marionette	INFO	Stopped listening on port 64282
JavaScript error: resource:///modules/Interactions.jsm, line 230: NS_ERROR_FAILURE: Component returned failure code: 0x80004005 (NS_ERROR_FAILURE) [nsIUserIdleService.removeIdleObserver]

###!!! [Parent][RunMessage] Error: Channel closing: too late to send/recv, messages will be lost

1632922870609	geckodriver	INFO	Listening on 127.0.0.1:60089
1632922873684	mozrunner::runner	INFO	Running command: "C:\\Program Files\\Mozilla Firefox\\firefox.exe" "--marionette" "-no-remote" "-profile" "C:\\Users\\JB\\AppData\\Local\\Temp\\rust_mozprofilexwgJBe"
1632922873958	Marionette	INFO	Marionette enabled
console.warn: SearchSettings: "get: No settings file exists, new profile?" (new NotFoundError("Could not open the file at C:\\Users\\JB\\AppData\\Local\\Temp\\rust_mozprofilexwgJBe\\search.json.mozlz4", (void 0)))
1632922875498	Marionette	INFO	Listening on port 60097
JavaScript error: resource://services-settings/Attachments.jsm, line 391: TypeError: / is not a valid URL.
1632922875727	RemoteAgent	WARN	TLS certificate errors will be ignored for this session
1632922875779	Marionette	INFO	Stopped listening on port 60097
JavaScript error: resource:///modules/Interactions.jsm, line 230: NS_ERROR_FAILURE: Component returned failure code: 0x80004005 (NS_ERROR_FAILURE) [nsIUserIdleService.removeIdleObserver]

###!!! [Parent][RunMessage] Error: Channel closing: too late to send/recv, messages will be lost

1632931396781	geckodriver	INFO	Listening on 127.0.0.1:63959
1632931399859	mozrunner::runner	INFO	Running command: "C:\\Program Files\\Mozilla Firefox\\firefox.exe" "--marionette" "-no-remote" "-profile" "C:\\Users\\JB\\AppData\\Local\\Temp\\rust_mozprofilebwMio7"
1632931400143	Marionette	INFO	Marionette enabled
console.warn: SearchSettings: "get: No settings file exists, new profile?" (new NotFoundError("Could not open the file at C:\\Users\\JB\\AppData\\Local\\Temp\\rust_mozprofilebwMio7\\search.json.mozlz4", (void 0)))
1632931401744	Marionette	INFO	Listening on port 63967
JavaScript error: resource://services-settings/Attachments.jsm, line 391: TypeError: / is not a valid URL.
1632931401925	RemoteAgent	WARN	TLS certificate errors will be ignored for this session
1632931401977	Marionette	INFO	Stopped listening on port 63967
JavaScript error: resource:///modules/Interactions.jsm, line 230: NS_ERROR_FAILURE: Component returned failure code: 0x80004005 (NS_ERROR_FAILURE) [nsIUserIdleService.removeIdleObserver]

###!!! [Parent][RunMessage] Error: Channel closing: too late to send/recv, messages will be lost

1632931788082	geckodriver	INFO	Listening on 127.0.0.1:62327
1632931791151	mozrunner::runner	INFO	Running command: "C:\\Program Files\\Mozilla Firefox\\firefox.exe" "--marionette" "-no-remote" "-profile" "C:\\Users\\JB\\AppData\\Local\\Temp\\rust_mozprofile7qt8iJ"
1632931791456	Marionette	INFO	Marionette enabled
console.warn: SearchSettings: "get: No settings file exists, new profile?" (new NotFoundError("Could not open the file at C:\\Users\\JB\\AppData\\Local\\Temp\\rust_mozprofile7qt8iJ\\search.json.mozlz4", (void 0)))
1632931793321	Marionette	INFO	Listening on port 55148
JavaScript error: resource://services-settings/Attachments.jsm, line 391: TypeError: / is not a valid URL.
1632931793829	RemoteAgent	WARN	TLS certificate errors will be ignored for this session
1632931793885	Marionette	INFO	Stopped listening on port 55148
JavaScript error: resource:///modules/Interactions.jsm, line 230: NS_ERROR_FAILURE: Component returned failure code: 0x80004005 (NS_ERROR_FAILURE) [nsIUserIdleService.removeIdleObserver]
1632932419188	geckodriver	INFO	Listening on 127.0.0.1:63190
1632932422244	mozrunner::runner	INFO	Running command: "C:\\Program Files\\Mozilla Firefox\\firefox.exe" "--marionette" "-no-remote" "-profile" "C:\\Users\\JB\\AppData\\Local\\Temp\\rust_mozprofileY1VdNP"
1632932422518	Marionette	INFO	Marionette enabled
console.warn: SearchSettings: "get: No settings file exists, new profile?" (new NotFoundError("Could not open the file at C:\\Users\\JB\\AppData\\Local\\Temp\\rust_mozprofileY1VdNP\\search.json.mozlz4", (void 0)))
1632932424154	Marionette	INFO	Listening on port 61635
JavaScript error: resource://services-settings/Attachments.jsm, line 391: TypeError: / is not a valid URL.
1632932424296	RemoteAgent	WARN	TLS certificate errors will be ignored for this session
1632932424348	Marionette	INFO	Stopped listening on port 61635
JavaScript error: resource:///modules/Interactions.jsm, line 230: NS_ERROR_FAILURE: Component returned failure code: 0x80004005 (NS_ERROR_FAILURE) [nsIUserIdleService.removeIdleObserver]
console.warn: services.settings: main/partitioning-exempt-urls sync interrupted by shutdown

###!!! [Parent][RunMessage] Error: Channel closing: too late to send/recv, messages will be lost

